[ 2016-03-17T09:31:31+08:00 ] 127.0.0.1 /think/index.php/Home/Auth/authLogin.html
INFO: [ app_init ] --START--
INFO: Run Behavior\BuildLiteBehavior [ RunTime:0.000019s ]
INFO: [ app_init ] --END-- [ RunTime:0.000433s ]
INFO: [ app_begin ] --START--
INFO: Run Behavior\ReadHtmlCacheBehavior [ RunTime:0.000698s ]
INFO: [ app_begin ] --END-- [ RunTime:0.000784s ]
SQL: SHOW COLUMNS FROM `activities` [ RunTime:0.0398s ]
SQL: SELECT activities.name FROM `activities` LEFT JOIN socials on activities.social_id=socials.id   [ RunTime:0.0375s ]
INFO: [ app_end ] --START--
INFO: Run Behavior\ShowPageTraceBehavior [ RunTime:0.000738s ]
INFO: [ app_end ] --END-- [ RunTime:0.000809s ]

[ 2016-03-17T09:50:31+08:00 ] 127.0.0.1 /think/index.php/Home/index/index
INFO: [ app_init ] --START--
INFO: Run Behavior\BuildLiteBehavior [ RunTime:0.000018s ]
INFO: [ app_init ] --END-- [ RunTime:0.000406s ]
INFO: [ app_begin ] --START--
INFO: Run Behavior\ReadHtmlCacheBehavior [ RunTime:0.000627s ]
INFO: [ app_begin ] --END-- [ RunTime:0.000703s ]
INFO: [ view_parse ] --START--
INFO: [ template_filter ] --START--
INFO: Run Behavior\ContentReplaceBehavior [ RunTime:0.000086s ]
INFO: [ template_filter ] --END-- [ RunTime:0.000174s ]
INFO: Run Behavior\ParseTemplateBehavior [ RunTime:0.027753s ]
INFO: [ view_parse ] --END-- [ RunTime:0.027851s ]
INFO: [ view_filter ] --START--
INFO: Run Behavior\WriteHtmlCacheBehavior [ RunTime:0.000397s ]
INFO: [ view_filter ] --END-- [ RunTime:0.000459s ]
INFO: [ app_end ] --START--
INFO: Run Behavior\ShowPageTraceBehavior [ RunTime:0.000588s ]
INFO: [ app_end ] --END-- [ RunTime:0.000655s ]

[ 2016-03-17T09:51:08+08:00 ] 127.0.0.1 /think/index.php/Home/index/index
INFO: [ app_init ] --START--
INFO: Run Behavior\BuildLiteBehavior [ RunTime:0.000019s ]
INFO: [ app_init ] --END-- [ RunTime:0.000503s ]
INFO: [ app_begin ] --START--
INFO: Run Behavior\ReadHtmlCacheBehavior [ RunTime:0.000726s ]
INFO: [ app_begin ] --END-- [ RunTime:0.000823s ]
INFO: [ view_parse ] --START--
INFO: [ template_filter ] --START--
INFO: Run Behavior\ContentReplaceBehavior [ RunTime:0.000087s ]
INFO: [ template_filter ] --END-- [ RunTime:0.000181s ]
INFO: Run Behavior\ParseTemplateBehavior [ RunTime:0.007662s ]
INFO: [ view_parse ] --END-- [ RunTime:0.007750s ]
INFO: [ view_filter ] --START--
INFO: Run Behavior\WriteHtmlCacheBehavior [ RunTime:0.000330s ]
INFO: [ view_filter ] --END-- [ RunTime:0.000393s ]
INFO: [ app_end ] --START--
INFO: Run Behavior\ShowPageTraceBehavior [ RunTime:0.000556s ]
INFO: [ app_end ] --END-- [ RunTime:0.000621s ]

[ 2016-03-17T09:51:10+08:00 ] 127.0.0.1 /think/index.php/Home/index/index
INFO: [ app_init ] --START--
INFO: Run Behavior\BuildLiteBehavior [ RunTime:0.000018s ]
INFO: [ app_init ] --END-- [ RunTime:0.000436s ]
INFO: [ app_begin ] --START--
INFO: Run Behavior\ReadHtmlCacheBehavior [ RunTime:0.000569s ]
INFO: [ app_begin ] --END-- [ RunTime:0.000696s ]
INFO: [ view_parse ] --START--
INFO: [ template_filter ] --START--
INFO: Run Behavior\ContentReplaceBehavior [ RunTime:0.000084s ]
INFO: [ template_filter ] --END-- [ RunTime:0.000162s ]
INFO: Run Behavior\ParseTemplateBehavior [ RunTime:0.006121s ]
INFO: [ view_parse ] --END-- [ RunTime:0.006204s ]
INFO: [ view_filter ] --START--
INFO: Run Behavior\WriteHtmlCacheBehavior [ RunTime:0.000266s ]
INFO: [ view_filter ] --END-- [ RunTime:0.000333s ]
INFO: [ app_end ] --START--
INFO: Run Behavior\ShowPageTraceBehavior [ RunTime:0.000478s ]
INFO: [ app_end ] --END-- [ RunTime:0.000542s ]

[ 2016-03-17T09:51:18+08:00 ] 127.0.0.1 /think/index.php/Home/index/add
INFO: [ app_init ] --START--
INFO: Run Behavior\BuildLiteBehavior [ RunTime:0.000019s ]
INFO: [ app_init ] --END-- [ RunTime:0.000437s ]
INFO: [ app_begin ] --START--
INFO: Run Behavior\ReadHtmlCacheBehavior [ RunTime:0.000851s ]
INFO: [ app_begin ] --END-- [ RunTime:0.000963s ]
INFO: [ app_end ] --START--
INFO: Run Behavior\ShowPageTraceBehavior [ RunTime:0.000729s ]
INFO: [ app_end ] --END-- [ RunTime:0.000845s ]

[ 2016-03-17T09:53:57+08:00 ] 127.0.0.1 /think/index.php/Home/index/add
INFO: [ app_init ] --START--
INFO: Run Behavior\BuildLiteBehavior [ RunTime:0.000017s ]
INFO: [ app_init ] --END-- [ RunTime:0.000397s ]
INFO: [ app_begin ] --START--
INFO: Run Behavior\ReadHtmlCacheBehavior [ RunTime:0.000649s ]
INFO: [ app_begin ] --END-- [ RunTime:0.000734s ]
INFO: [ app_end ] --START--
INFO: Run Behavior\ShowPageTraceBehavior [ RunTime:0.000574s ]
INFO: [ app_end ] --END-- [ RunTime:0.000650s ]

[ 2016-03-17T09:53:59+08:00 ] 127.0.0.1 /think/index.php/Home/index/add
INFO: [ app_init ] --START--
INFO: Run Behavior\BuildLiteBehavior [ RunTime:0.000016s ]
INFO: [ app_init ] --END-- [ RunTime:0.000340s ]
INFO: [ app_begin ] --START--
INFO: Run Behavior\ReadHtmlCacheBehavior [ RunTime:0.000475s ]
INFO: [ app_begin ] --END-- [ RunTime:0.000544s ]
INFO: [ app_end ] --START--
INFO: Run Behavior\ShowPageTraceBehavior [ RunTime:0.000463s ]
INFO: [ app_end ] --END-- [ RunTime:0.000532s ]

[ 2016-03-17T09:58:38+08:00 ] 127.0.0.1 /think/index.php/Home/index/add
INFO: [ app_init ] --START--
INFO: Run Behavior\BuildLiteBehavior [ RunTime:0.000017s ]
INFO: [ app_init ] --END-- [ RunTime:0.000404s ]
INFO: [ app_begin ] --START--
INFO: Run Behavior\ReadHtmlCacheBehavior [ RunTime:0.000679s ]
INFO: [ app_begin ] --END-- [ RunTime:0.000762s ]
INFO: [ app_end ] --START--
INFO: Run Behavior\ShowPageTraceBehavior [ RunTime:0.000629s ]
INFO: [ app_end ] --END-- [ RunTime:0.000709s ]

[ 2016-03-17T09:58:40+08:00 ] 127.0.0.1 /think/index.php/Home/index/add
INFO: [ app_init ] --START--
INFO: Run Behavior\BuildLiteBehavior [ RunTime:0.000016s ]
INFO: [ app_init ] --END-- [ RunTime:0.000369s ]
INFO: [ app_begin ] --START--
INFO: Run Behavior\ReadHtmlCacheBehavior [ RunTime:0.000497s ]
INFO: [ app_begin ] --END-- [ RunTime:0.000568s ]
INFO: [ app_end ] --START--
INFO: Run Behavior\ShowPageTraceBehavior [ RunTime:0.000581s ]
INFO: [ app_end ] --END-- [ RunTime:0.000674s ]

[ 2016-03-17T09:58:45+08:00 ] 127.0.0.1 /think/index.php/Home/index/index
INFO: [ app_init ] --START--
INFO: Run Behavior\BuildLiteBehavior [ RunTime:0.000017s ]
INFO: [ app_init ] --END-- [ RunTime:0.000372s ]
INFO: [ app_begin ] --START--
INFO: Run Behavior\ReadHtmlCacheBehavior [ RunTime:0.000494s ]
INFO: [ app_begin ] --END-- [ RunTime:0.000562s ]
INFO: [ view_parse ] --START--
INFO: [ template_filter ] --START--
INFO: Run Behavior\ContentReplaceBehavior [ RunTime:0.000088s ]
INFO: [ template_filter ] --END-- [ RunTime:0.000180s ]
INFO: Run Behavior\ParseTemplateBehavior [ RunTime:0.007162s ]
INFO: [ view_parse ] --END-- [ RunTime:0.007527s ]
INFO: [ view_filter ] --START--
INFO: Run Behavior\WriteHtmlCacheBehavior [ RunTime:0.000554s ]
INFO: [ view_filter ] --END-- [ RunTime:0.000649s ]
INFO: [ app_end ] --START--
INFO: Run Behavior\ShowPageTraceBehavior [ RunTime:0.000812s ]
INFO: [ app_end ] --END-- [ RunTime:0.000908s ]

[ 2016-03-17T10:14:04+08:00 ] 127.0.0.1 /think/index.php/Home/index/add
INFO: [ app_init ] --START--
INFO: Run Behavior\BuildLiteBehavior [ RunTime:0.000018s ]
INFO: [ app_init ] --END-- [ RunTime:0.000411s ]
INFO: [ app_begin ] --START--
INFO: Run Behavior\ReadHtmlCacheBehavior [ RunTime:0.000692s ]
INFO: [ app_begin ] --END-- [ RunTime:0.000783s ]
INFO: [ app_end ] --START--
INFO: Run Behavior\ShowPageTraceBehavior [ RunTime:0.000587s ]
INFO: [ app_end ] --END-- [ RunTime:0.000667s ]

[ 2016-03-17T10:14:06+08:00 ] 127.0.0.1 /think/index.php/Home/index/add
INFO: [ app_init ] --START--
INFO: Run Behavior\BuildLiteBehavior [ RunTime:0.000017s ]
INFO: [ app_init ] --END-- [ RunTime:0.000349s ]
INFO: [ app_begin ] --START--
INFO: Run Behavior\ReadHtmlCacheBehavior [ RunTime:0.000494s ]
INFO: [ app_begin ] --END-- [ RunTime:0.000563s ]
INFO: [ app_end ] --START--
INFO: Run Behavior\ShowPageTraceBehavior [ RunTime:0.000484s ]
INFO: [ app_end ] --END-- [ RunTime:0.000557s ]

[ 2016-03-17T10:14:07+08:00 ] 127.0.0.1 /think/index.php/Home/index/add
INFO: [ app_init ] --START--
INFO: Run Behavior\BuildLiteBehavior [ RunTime:0.000018s ]
INFO: [ app_init ] --END-- [ RunTime:0.000437s ]
INFO: [ app_begin ] --START--
INFO: Run Behavior\ReadHtmlCacheBehavior [ RunTime:0.000533s ]
INFO: [ app_begin ] --END-- [ RunTime:0.000613s ]
INFO: [ app_end ] --START--
INFO: Run Behavior\ShowPageTraceBehavior [ RunTime:0.000471s ]
INFO: [ app_end ] --END-- [ RunTime:0.000545s ]

[ 2016-03-17T10:16:44+08:00 ] 127.0.0.1 /think/index.php/Home/index/add
INFO: [ app_init ] --START--
INFO: Run Behavior\BuildLiteBehavior [ RunTime:0.000017s ]
INFO: [ app_init ] --END-- [ RunTime:0.000394s ]
INFO: [ app_begin ] --START--
INFO: Run Behavior\ReadHtmlCacheBehavior [ RunTime:0.000590s ]
INFO: [ app_begin ] --END-- [ RunTime:0.000659s ]
INFO: [ app_end ] --START--
INFO: Run Behavior\ShowPageTraceBehavior [ RunTime:0.000547s ]
INFO: [ app_end ] --END-- [ RunTime:0.000621s ]

[ 2016-03-17T10:16:48+08:00 ] 127.0.0.1 /think/index.php/Home/index/index
INFO: [ app_init ] --START--
INFO: Run Behavior\BuildLiteBehavior [ RunTime:0.000016s ]
INFO: [ app_init ] --END-- [ RunTime:0.000352s ]
INFO: [ app_begin ] --START--
INFO: Run Behavior\ReadHtmlCacheBehavior [ RunTime:0.000486s ]
INFO: [ app_begin ] --END-- [ RunTime:0.000554s ]
INFO: [ view_parse ] --START--
INFO: [ template_filter ] --START--
INFO: Run Behavior\ContentReplaceBehavior [ RunTime:0.000098s ]
INFO: [ template_filter ] --END-- [ RunTime:0.000204s ]
INFO: Run Behavior\ParseTemplateBehavior [ RunTime:0.007679s ]
INFO: [ view_parse ] --END-- [ RunTime:0.007769s ]
INFO: [ view_filter ] --START--
INFO: Run Behavior\WriteHtmlCacheBehavior [ RunTime:0.000472s ]
INFO: [ view_filter ] --END-- [ RunTime:0.000546s ]
INFO: [ app_end ] --START--
INFO: Run Behavior\ShowPageTraceBehavior [ RunTime:0.000607s ]
INFO: [ app_end ] --END-- [ RunTime:0.000692s ]

[ 2016-03-17T10:24:58+08:00 ] 127.0.0.1 /think/index.php/Home/index/index
INFO: [ app_init ] --START--
INFO: Run Behavior\BuildLiteBehavior [ RunTime:0.000016s ]
INFO: [ app_init ] --END-- [ RunTime:0.000403s ]
INFO: [ app_begin ] --START--
INFO: Run Behavior\ReadHtmlCacheBehavior [ RunTime:0.000617s ]
INFO: [ app_begin ] --END-- [ RunTime:0.000694s ]
INFO: [ view_parse ] --START--
INFO: [ template_filter ] --START--
INFO: Run Behavior\ContentReplaceBehavior [ RunTime:0.000087s ]
INFO: [ template_filter ] --END-- [ RunTime:0.000182s ]
INFO: Run Behavior\ParseTemplateBehavior [ RunTime:0.007635s ]
INFO: [ view_parse ] --END-- [ RunTime:0.007740s ]
INFO: [ view_filter ] --START--
INFO: Run Behavior\WriteHtmlCacheBehavior [ RunTime:0.000411s ]
INFO: [ view_filter ] --END-- [ RunTime:0.000471s ]
INFO: [ app_end ] --START--
INFO: Run Behavior\ShowPageTraceBehavior [ RunTime:0.000591s ]
INFO: [ app_end ] --END-- [ RunTime:0.000658s ]

[ 2016-03-17T10:25:00+08:00 ] 127.0.0.1 /think/index.php/Home/index/index
INFO: [ app_init ] --START--
INFO: Run Behavior\BuildLiteBehavior [ RunTime:0.000020s ]
INFO: [ app_init ] --END-- [ RunTime:0.000475s ]
INFO: [ app_begin ] --START--
INFO: Run Behavior\ReadHtmlCacheBehavior [ RunTime:0.000506s ]
INFO: [ app_begin ] --END-- [ RunTime:0.000576s ]
INFO: [ view_parse ] --START--
INFO: [ template_filter ] --START--
INFO: Run Behavior\ContentReplaceBehavior [ RunTime:0.000084s ]
INFO: [ template_filter ] --END-- [ RunTime:0.000181s ]
INFO: Run Behavior\ParseTemplateBehavior [ RunTime:0.007154s ]
INFO: [ view_parse ] --END-- [ RunTime:0.007234s ]
INFO: [ view_filter ] --START--
INFO: Run Behavior\WriteHtmlCacheBehavior [ RunTime:0.000385s ]
INFO: [ view_filter ] --END-- [ RunTime:0.000445s ]
INFO: [ app_end ] --START--
INFO: Run Behavior\ShowPageTraceBehavior [ RunTime:0.000523s ]
INFO: [ app_end ] --END-- [ RunTime:0.000591s ]

[ 2016-03-17T10:25:16+08:00 ] 127.0.0.1 /think/index.php/Home/index/index
INFO: [ app_init ] --START--
INFO: Run Behavior\BuildLiteBehavior [ RunTime:0.000018s ]
INFO: [ app_init ] --END-- [ RunTime:0.000412s ]
INFO: [ app_begin ] --START--
INFO: Run Behavior\ReadHtmlCacheBehavior [ RunTime:0.000673s ]
INFO: [ app_begin ] --END-- [ RunTime:0.000757s ]
INFO: [ view_parse ] --START--
INFO: [ template_filter ] --START--
INFO: Run Behavior\ContentReplaceBehavior [ RunTime:0.000087s ]
INFO: [ template_filter ] --END-- [ RunTime:0.000181s ]
INFO: Run Behavior\ParseTemplateBehavior [ RunTime:0.007530s ]
INFO: [ view_parse ] --END-- [ RunTime:0.007639s ]
INFO: [ view_filter ] --START--
INFO: Run Behavior\WriteHtmlCacheBehavior [ RunTime:0.000684s ]
INFO: [ view_filter ] --END-- [ RunTime:0.000938s ]
INFO: [ app_end ] --START--
INFO: Run Behavior\ShowPageTraceBehavior [ RunTime:0.000869s ]
INFO: [ app_end ] --END-- [ RunTime:0.000964s ]

[ 2016-03-17T10:25:39+08:00 ] 127.0.0.1 /think/index.php/Home/index/add
INFO: [ app_init ] --START--
INFO: Run Behavior\BuildLiteBehavior [ RunTime:0.000081s ]
INFO: [ app_init ] --END-- [ RunTime:0.000543s ]
INFO: [ app_begin ] --START--
INFO: Run Behavior\ReadHtmlCacheBehavior [ RunTime:0.000584s ]
INFO: [ app_begin ] --END-- [ RunTime:0.000677s ]
INFO: [ app_end ] --START--
INFO: Run Behavior\ShowPageTraceBehavior [ RunTime:0.000631s ]
INFO: [ app_end ] --END-- [ RunTime:0.000724s ]

[ 2016-03-17T10:25:48+08:00 ] 127.0.0.1 /think/index.php/Home/index/index
INFO: [ app_init ] --START--
INFO: Run Behavior\BuildLiteBehavior [ RunTime:0.000021s ]
INFO: [ app_init ] --END-- [ RunTime:0.000570s ]
INFO: [ app_begin ] --START--
INFO: Run Behavior\ReadHtmlCacheBehavior [ RunTime:0.000584s ]
INFO: [ app_begin ] --END-- [ RunTime:0.000654s ]
INFO: [ view_parse ] --START--
INFO: [ template_filter ] --START--
INFO: Run Behavior\ContentReplaceBehavior [ RunTime:0.000094s ]
INFO: [ template_filter ] --END-- [ RunTime:0.000193s ]
INFO: Run Behavior\ParseTemplateBehavior [ RunTime:0.007894s ]
INFO: [ view_parse ] --END-- [ RunTime:0.007994s ]
INFO: [ view_filter ] --START--
INFO: Run Behavior\WriteHtmlCacheBehavior [ RunTime:0.000472s ]
INFO: [ view_filter ] --END-- [ RunTime:0.000547s ]
INFO: [ app_end ] --START--
INFO: Run Behavior\ShowPageTraceBehavior [ RunTime:0.000684s ]
INFO: [ app_end ] --END-- [ RunTime:0.000779s ]

[ 2016-03-17T10:26:15+08:00 ] 127.0.0.1 /think/index.php/Home/index/index
INFO: [ app_init ] --START--
INFO: Run Behavior\BuildLiteBehavior [ RunTime:0.000016s ]
INFO: [ app_init ] --END-- [ RunTime:0.000392s ]
INFO: [ app_begin ] --START--
INFO: Run Behavior\ReadHtmlCacheBehavior [ RunTime:0.000597s ]
INFO: [ app_begin ] --END-- [ RunTime:0.000668s ]
INFO: [ view_parse ] --START--
INFO: [ template_filter ] --START--
INFO: Run Behavior\ContentReplaceBehavior [ RunTime:0.000084s ]
INFO: [ template_filter ] --END-- [ RunTime:0.000170s ]
INFO: Run Behavior\ParseTemplateBehavior [ RunTime:0.006746s ]
INFO: [ view_parse ] --END-- [ RunTime:0.006836s ]
INFO: [ view_filter ] --START--
INFO: Run Behavior\WriteHtmlCacheBehavior [ RunTime:0.000345s ]
INFO: [ view_filter ] --END-- [ RunTime:0.000404s ]
INFO: [ app_end ] --START--
INFO: Run Behavior\ShowPageTraceBehavior [ RunTime:0.000573s ]
INFO: [ app_end ] --END-- [ RunTime:0.000638s ]

[ 2016-03-17T10:26:19+08:00 ] 127.0.0.1 /think/index.php/Home/index/add
INFO: [ app_init ] --START--
INFO: Run Behavior\BuildLiteBehavior [ RunTime:0.000018s ]
INFO: [ app_init ] --END-- [ RunTime:0.000368s ]
INFO: [ app_begin ] --START--
INFO: Run Behavior\ReadHtmlCacheBehavior [ RunTime:0.000496s ]
INFO: [ app_begin ] --END-- [ RunTime:0.000564s ]
INFO: [ app_end ] --START--
INFO: Run Behavior\ShowPageTraceBehavior [ RunTime:0.000485s ]
INFO: [ app_end ] --END-- [ RunTime:0.000554s ]

[ 2016-03-17T10:38:33+08:00 ] 127.0.0.1 /think/index.php/Home/index/add
INFO: [ app_init ] --START--
INFO: Run Behavior\BuildLiteBehavior [ RunTime:0.000016s ]
INFO: [ app_init ] --END-- [ RunTime:0.000421s ]
INFO: [ app_begin ] --START--
INFO: Run Behavior\ReadHtmlCacheBehavior [ RunTime:0.000682s ]
INFO: [ app_begin ] --END-- [ RunTime:0.000772s ]
INFO: [ app_end ] --START--
INFO: Run Behavior\ShowPageTraceBehavior [ RunTime:0.000587s ]
INFO: [ app_end ] --END-- [ RunTime:0.000672s ]

[ 2016-03-17T10:38:35+08:00 ] 127.0.0.1 /think/index.php/Home/index/add
INFO: [ app_init ] --START--
INFO: Run Behavior\BuildLiteBehavior [ RunTime:0.000021s ]
INFO: [ app_init ] --END-- [ RunTime:0.000443s ]
INFO: [ app_begin ] --START--
INFO: Run Behavior\ReadHtmlCacheBehavior [ RunTime:0.000528s ]
INFO: [ app_begin ] --END-- [ RunTime:0.000603s ]
INFO: [ app_end ] --START--
INFO: Run Behavior\ShowPageTraceBehavior [ RunTime:0.000494s ]
INFO: [ app_end ] --END-- [ RunTime:0.000577s ]

[ 2016-03-17T10:38:38+08:00 ] 127.0.0.1 /think/index.php/Home/index/add
INFO: [ app_init ] --START--
INFO: Run Behavior\BuildLiteBehavior [ RunTime:0.000018s ]
INFO: [ app_init ] --END-- [ RunTime:0.000439s ]
INFO: [ app_begin ] --START--
INFO: Run Behavior\ReadHtmlCacheBehavior [ RunTime:0.000571s ]
INFO: [ app_begin ] --END-- [ RunTime:0.000643s ]
INFO: [ app_end ] --START--
INFO: Run Behavior\ShowPageTraceBehavior [ RunTime:0.000485s ]
INFO: [ app_end ] --END-- [ RunTime:0.000560s ]

[ 2016-03-17T10:44:12+08:00 ] 127.0.0.1 /think/index.php/Home/index/index
INFO: [ app_init ] --START--
INFO: Run Behavior\BuildLiteBehavior [ RunTime:0.000017s ]
INFO: [ app_init ] --END-- [ RunTime:0.000399s ]
INFO: [ app_begin ] --START--
INFO: Run Behavior\ReadHtmlCacheBehavior [ RunTime:0.000856s ]
INFO: [ app_begin ] --END-- [ RunTime:0.000941s ]

[ 2016-03-17T10:44:13+08:00 ] 127.0.0.1 /think/index.php/Home/Auth/authLogin.html
INFO: [ app_init ] --START--
INFO: Run Behavior\BuildLiteBehavior [ RunTime:0.000017s ]
INFO: [ app_init ] --END-- [ RunTime:0.000362s ]
INFO: [ app_begin ] --START--
INFO: Run Behavior\ReadHtmlCacheBehavior [ RunTime:0.000717s ]
INFO: [ app_begin ] --END-- [ RunTime:0.000809s ]
SQL: SHOW COLUMNS FROM `activities` [ RunTime:0.0357s ]
SQL: SELECT activities.name FROM `activities` LEFT JOIN socials on activities.social_id=socials.id   [ RunTime:0.0325s ]
NOTIC: [8] Undefined variable: appid E:\Program Files (x86)\sugarcrm-6.5.16\apps\new\think\Application\Home\Controller\AuthController.class.php 第 22 行.
NOTIC: [2] Missing argument 2 for Org\Util\WeixinOAuth::formatBizQueryParaMap(), called in E:\Program Files (x86)\sugarcrm-6.5.16\apps\new\think\ThinkPHP\Library\Org\Util\WeixinOAuth.class.php on line 33 and defined E:\Program Files (x86)\sugarcrm-6.5.16\apps\new\think\ThinkPHP\Library\Org\Util\WeixinOAuth.class.php 第 40 行.
NOTIC: [8] Undefined variable: urlencode E:\Program Files (x86)\sugarcrm-6.5.16\apps\new\think\ThinkPHP\Library\Org\Util\WeixinOAuth.class.php 第 46 行.
NOTIC: [8] Undefined variable: urlencode E:\Program Files (x86)\sugarcrm-6.5.16\apps\new\think\ThinkPHP\Library\Org\Util\WeixinOAuth.class.php 第 46 行.
NOTIC: [8] Undefined variable: urlencode E:\Program Files (x86)\sugarcrm-6.5.16\apps\new\think\ThinkPHP\Library\Org\Util\WeixinOAuth.class.php 第 46 行.
NOTIC: [8] Undefined variable: urlencode E:\Program Files (x86)\sugarcrm-6.5.16\apps\new\think\ThinkPHP\Library\Org\Util\WeixinOAuth.class.php 第 46 行.
NOTIC: [8] Undefined variable: urlencode E:\Program Files (x86)\sugarcrm-6.5.16\apps\new\think\ThinkPHP\Library\Org\Util\WeixinOAuth.class.php 第 46 行.

[ 2016-03-17T10:44:57+08:00 ] 127.0.0.1 /think/index.php/Home/index/add
INFO: [ app_init ] --START--
INFO: Run Behavior\BuildLiteBehavior [ RunTime:0.000016s ]
INFO: [ app_init ] --END-- [ RunTime:0.000403s ]
INFO: [ app_begin ] --START--
INFO: Run Behavior\ReadHtmlCacheBehavior [ RunTime:0.000612s ]
INFO: [ app_begin ] --END-- [ RunTime:0.000684s ]

[ 2016-03-17T10:44:57+08:00 ] 127.0.0.1 /think/index.php/Home/Auth/authLogin.html
INFO: [ app_init ] --START--
INFO: Run Behavior\BuildLiteBehavior [ RunTime:0.000019s ]
INFO: [ app_init ] --END-- [ RunTime:0.000369s ]
INFO: [ app_begin ] --START--
INFO: Run Behavior\ReadHtmlCacheBehavior [ RunTime:0.000507s ]
INFO: [ app_begin ] --END-- [ RunTime:0.000578s ]
SQL: SHOW COLUMNS FROM `activities` [ RunTime:0.0302s ]
SQL: SELECT activities.name FROM `activities` LEFT JOIN socials on activities.social_id=socials.id   [ RunTime:0.2882s ]
NOTIC: [8] Undefined variable: appid E:\Program Files (x86)\sugarcrm-6.5.16\apps\new\think\Application\Home\Controller\AuthController.class.php 第 22 行.
NOTIC: [2] Missing argument 2 for Org\Util\WeixinOAuth::formatBizQueryParaMap(), called in E:\Program Files (x86)\sugarcrm-6.5.16\apps\new\think\ThinkPHP\Library\Org\Util\WeixinOAuth.class.php on line 33 and defined E:\Program Files (x86)\sugarcrm-6.5.16\apps\new\think\ThinkPHP\Library\Org\Util\WeixinOAuth.class.php 第 40 行.
NOTIC: [8] Undefined variable: urlencode E:\Program Files (x86)\sugarcrm-6.5.16\apps\new\think\ThinkPHP\Library\Org\Util\WeixinOAuth.class.php 第 46 行.
NOTIC: [8] Undefined variable: urlencode E:\Program Files (x86)\sugarcrm-6.5.16\apps\new\think\ThinkPHP\Library\Org\Util\WeixinOAuth.class.php 第 46 行.
NOTIC: [8] Undefined variable: urlencode E:\Program Files (x86)\sugarcrm-6.5.16\apps\new\think\ThinkPHP\Library\Org\Util\WeixinOAuth.class.php 第 46 行.
NOTIC: [8] Undefined variable: urlencode E:\Program Files (x86)\sugarcrm-6.5.16\apps\new\think\ThinkPHP\Library\Org\Util\WeixinOAuth.class.php 第 46 行.
NOTIC: [8] Undefined variable: urlencode E:\Program Files (x86)\sugarcrm-6.5.16\apps\new\think\ThinkPHP\Library\Org\Util\WeixinOAuth.class.php 第 46 行.

[ 2016-03-17T10:44:59+08:00 ] 127.0.0.1 /think/index.php/Home/index/index
INFO: [ app_init ] --START--
INFO: Run Behavior\BuildLiteBehavior [ RunTime:0.000016s ]
INFO: [ app_init ] --END-- [ RunTime:0.000360s ]
INFO: [ app_begin ] --START--
INFO: Run Behavior\ReadHtmlCacheBehavior [ RunTime:0.000496s ]
INFO: [ app_begin ] --END-- [ RunTime:0.000564s ]

[ 2016-03-17T10:44:59+08:00 ] 127.0.0.1 /think/index.php/Home/Auth/authLogin.html
INFO: [ app_init ] --START--
INFO: Run Behavior\BuildLiteBehavior [ RunTime:0.000015s ]
INFO: [ app_init ] --END-- [ RunTime:0.000342s ]
INFO: [ app_begin ] --START--
INFO: Run Behavior\ReadHtmlCacheBehavior [ RunTime:0.000481s ]
INFO: [ app_begin ] --END-- [ RunTime:0.000552s ]
SQL: SHOW COLUMNS FROM `activities` [ RunTime:0.0320s ]
SQL: SELECT activities.name FROM `activities` LEFT JOIN socials on activities.social_id=socials.id   [ RunTime:0.0323s ]
NOTIC: [8] Undefined variable: appid E:\Program Files (x86)\sugarcrm-6.5.16\apps\new\think\Application\Home\Controller\AuthController.class.php 第 22 行.
NOTIC: [2] Missing argument 2 for Org\Util\WeixinOAuth::formatBizQueryParaMap(), called in E:\Program Files (x86)\sugarcrm-6.5.16\apps\new\think\ThinkPHP\Library\Org\Util\WeixinOAuth.class.php on line 33 and defined E:\Program Files (x86)\sugarcrm-6.5.16\apps\new\think\ThinkPHP\Library\Org\Util\WeixinOAuth.class.php 第 40 行.
NOTIC: [8] Undefined variable: urlencode E:\Program Files (x86)\sugarcrm-6.5.16\apps\new\think\ThinkPHP\Library\Org\Util\WeixinOAuth.class.php 第 46 行.
NOTIC: [8] Undefined variable: urlencode E:\Program Files (x86)\sugarcrm-6.5.16\apps\new\think\ThinkPHP\Library\Org\Util\WeixinOAuth.class.php 第 46 行.
NOTIC: [8] Undefined variable: urlencode E:\Program Files (x86)\sugarcrm-6.5.16\apps\new\think\ThinkPHP\Library\Org\Util\WeixinOAuth.class.php 第 46 行.
NOTIC: [8] Undefined variable: urlencode E:\Program Files (x86)\sugarcrm-6.5.16\apps\new\think\ThinkPHP\Library\Org\Util\WeixinOAuth.class.php 第 46 行.
NOTIC: [8] Undefined variable: urlencode E:\Program Files (x86)\sugarcrm-6.5.16\apps\new\think\ThinkPHP\Library\Org\Util\WeixinOAuth.class.php 第 46 行.

[ 2016-03-17T10:44:59+08:00 ] 127.0.0.1 /think/index.php/Home/index/add
INFO: [ app_init ] --START--
INFO: Run Behavior\BuildLiteBehavior [ RunTime:0.000018s ]
INFO: [ app_init ] --END-- [ RunTime:0.000380s ]
INFO: [ app_begin ] --START--
INFO: Run Behavior\ReadHtmlCacheBehavior [ RunTime:0.000524s ]
INFO: [ app_begin ] --END-- [ RunTime:0.000594s ]

[ 2016-03-17T10:45:00+08:00 ] 127.0.0.1 /think/index.php/Home/Auth/authLogin.html
INFO: [ app_init ] --START--
INFO: Run Behavior\BuildLiteBehavior [ RunTime:0.000016s ]
INFO: [ app_init ] --END-- [ RunTime:0.000358s ]
INFO: [ app_begin ] --START--
INFO: Run Behavior\ReadHtmlCacheBehavior [ RunTime:0.000497s ]
INFO: [ app_begin ] --END-- [ RunTime:0.000563s ]
SQL: SHOW COLUMNS FROM `activities` [ RunTime:0.0330s ]
SQL: SELECT activities.name FROM `activities` LEFT JOIN socials on activities.social_id=socials.id   [ RunTime:0.0307s ]
NOTIC: [8] Undefined variable: appid E:\Program Files (x86)\sugarcrm-6.5.16\apps\new\think\Application\Home\Controller\AuthController.class.php 第 22 行.
NOTIC: [2] Missing argument 2 for Org\Util\WeixinOAuth::formatBizQueryParaMap(), called in E:\Program Files (x86)\sugarcrm-6.5.16\apps\new\think\ThinkPHP\Library\Org\Util\WeixinOAuth.class.php on line 33 and defined E:\Program Files (x86)\sugarcrm-6.5.16\apps\new\think\ThinkPHP\Library\Org\Util\WeixinOAuth.class.php 第 40 行.
NOTIC: [8] Undefined variable: urlencode E:\Program Files (x86)\sugarcrm-6.5.16\apps\new\think\ThinkPHP\Library\Org\Util\WeixinOAuth.class.php 第 46 行.
NOTIC: [8] Undefined variable: urlencode E:\Program Files (x86)\sugarcrm-6.5.16\apps\new\think\ThinkPHP\Library\Org\Util\WeixinOAuth.class.php 第 46 行.
NOTIC: [8] Undefined variable: urlencode E:\Program Files (x86)\sugarcrm-6.5.16\apps\new\think\ThinkPHP\Library\Org\Util\WeixinOAuth.class.php 第 46 行.
NOTIC: [8] Undefined variable: urlencode E:\Program Files (x86)\sugarcrm-6.5.16\apps\new\think\ThinkPHP\Library\Org\Util\WeixinOAuth.class.php 第 46 行.
NOTIC: [8] Undefined variable: urlencode E:\Program Files (x86)\sugarcrm-6.5.16\apps\new\think\ThinkPHP\Library\Org\Util\WeixinOAuth.class.php 第 46 行.

[ 2016-03-17T10:45:40+08:00 ] 127.0.0.1 /think/index.php/Home/index/add
INFO: [ app_init ] --START--
INFO: Run Behavior\BuildLiteBehavior [ RunTime:0.000018s ]
INFO: [ app_init ] --END-- [ RunTime:0.000361s ]
INFO: [ app_begin ] --START--
INFO: Run Behavior\ReadHtmlCacheBehavior [ RunTime:0.000525s ]
INFO: [ app_begin ] --END-- [ RunTime:0.000597s ]

[ 2016-03-17T10:45:40+08:00 ] 127.0.0.1 /think/index.php/Home/Auth/authLogin.html
INFO: [ app_init ] --START--
INFO: Run Behavior\BuildLiteBehavior [ RunTime:0.000017s ]
INFO: [ app_init ] --END-- [ RunTime:0.000361s ]
INFO: [ app_begin ] --START--
INFO: Run Behavior\ReadHtmlCacheBehavior [ RunTime:0.000492s ]
INFO: [ app_begin ] --END-- [ RunTime:0.000560s ]
SQL: SHOW COLUMNS FROM `activities` [ RunTime:0.0343s ]
SQL: SELECT activities.name FROM `activities` LEFT JOIN socials on activities.social_id=socials.id   [ RunTime:0.0326s ]
NOTIC: [8] Undefined variable: appid E:\Program Files (x86)\sugarcrm-6.5.16\apps\new\think\Application\Home\Controller\AuthController.class.php 第 22 行.
NOTIC: [2] Missing argument 2 for Org\Util\WeixinOAuth::formatBizQueryParaMap(), called in E:\Program Files (x86)\sugarcrm-6.5.16\apps\new\think\ThinkPHP\Library\Org\Util\WeixinOAuth.class.php on line 33 and defined E:\Program Files (x86)\sugarcrm-6.5.16\apps\new\think\ThinkPHP\Library\Org\Util\WeixinOAuth.class.php 第 40 行.
NOTIC: [8] Undefined variable: urlencode E:\Program Files (x86)\sugarcrm-6.5.16\apps\new\think\ThinkPHP\Library\Org\Util\WeixinOAuth.class.php 第 46 行.
NOTIC: [8] Undefined variable: urlencode E:\Program Files (x86)\sugarcrm-6.5.16\apps\new\think\ThinkPHP\Library\Org\Util\WeixinOAuth.class.php 第 46 行.
NOTIC: [8] Undefined variable: urlencode E:\Program Files (x86)\sugarcrm-6.5.16\apps\new\think\ThinkPHP\Library\Org\Util\WeixinOAuth.class.php 第 46 行.
NOTIC: [8] Undefined variable: urlencode E:\Program Files (x86)\sugarcrm-6.5.16\apps\new\think\ThinkPHP\Library\Org\Util\WeixinOAuth.class.php 第 46 行.
NOTIC: [8] Undefined variable: urlencode E:\Program Files (x86)\sugarcrm-6.5.16\apps\new\think\ThinkPHP\Library\Org\Util\WeixinOAuth.class.php 第 46 行.

[ 2016-03-17T10:47:13+08:00 ] 127.0.0.1 /think/index.php/Home/index/add
INFO: [ app_init ] --START--
INFO: Run Behavior\BuildLiteBehavior [ RunTime:0.000018s ]
INFO: [ app_init ] --END-- [ RunTime:0.000448s ]
INFO: [ app_begin ] --START--
INFO: Run Behavior\ReadHtmlCacheBehavior [ RunTime:0.000634s ]
INFO: [ app_begin ] --END-- [ RunTime:0.000709s ]
INFO: [ app_end ] --START--
INFO: Run Behavior\ShowPageTraceBehavior [ RunTime:0.000578s ]
INFO: [ app_end ] --END-- [ RunTime:0.000657s ]

[ 2016-03-17T10:47:19+08:00 ] 127.0.0.1 /think/index.php/Home/index/index
INFO: [ app_init ] --START--
INFO: Run Behavior\BuildLiteBehavior [ RunTime:0.000017s ]
INFO: [ app_init ] --END-- [ RunTime:0.000390s ]
INFO: [ app_begin ] --START--
INFO: Run Behavior\ReadHtmlCacheBehavior [ RunTime:0.000649s ]
INFO: [ app_begin ] --END-- [ RunTime:0.000730s ]

[ 2016-03-17T10:51:40+08:00 ] 127.0.0.1 /think/index.php/Home/index/index
INFO: [ app_init ] --START--
INFO: Run Behavior\BuildLiteBehavior [ RunTime:0.000017s ]
INFO: [ app_init ] --END-- [ RunTime:0.000414s ]
INFO: [ app_begin ] --START--
INFO: Run Behavior\ReadHtmlCacheBehavior [ RunTime:0.000610s ]
INFO: [ app_begin ] --END-- [ RunTime:0.000683s ]
INFO: [ view_parse ] --START--
INFO: [ template_filter ] --START--
INFO: Run Behavior\ContentReplaceBehavior [ RunTime:0.000082s ]
INFO: [ template_filter ] --END-- [ RunTime:0.000165s ]
INFO: Run Behavior\ParseTemplateBehavior [ RunTime:0.007001s ]
INFO: [ view_parse ] --END-- [ RunTime:0.007096s ]
INFO: [ view_filter ] --START--
INFO: Run Behavior\WriteHtmlCacheBehavior [ RunTime:0.000439s ]
INFO: [ view_filter ] --END-- [ RunTime:0.000505s ]
INFO: [ app_end ] --START--
INFO: Run Behavior\ShowPageTraceBehavior [ RunTime:0.000578s ]
INFO: [ app_end ] --END-- [ RunTime:0.000644s ]

[ 2016-03-17T10:54:31+08:00 ] 127.0.0.1 /think/index.php/Home/index/index
INFO: [ app_init ] --START--
INFO: Run Behavior\BuildLiteBehavior [ RunTime:0.000018s ]
INFO: [ app_init ] --END-- [ RunTime:0.000408s ]
INFO: [ app_begin ] --START--
INFO: Run Behavior\ReadHtmlCacheBehavior [ RunTime:0.000602s ]
INFO: [ app_begin ] --END-- [ RunTime:0.000674s ]

[ 2016-03-17T10:54:32+08:00 ] 127.0.0.1 /think/index.php/Home/Auth/authLogin.html
INFO: [ app_init ] --START--
INFO: Run Behavior\BuildLiteBehavior [ RunTime:0.000015s ]
INFO: [ app_init ] --END-- [ RunTime:0.000359s ]
INFO: [ app_begin ] --START--
INFO: Run Behavior\ReadHtmlCacheBehavior [ RunTime:0.000497s ]
INFO: [ app_begin ] --END-- [ RunTime:0.000565s ]
SQL: SHOW COLUMNS FROM `activities` [ RunTime:0.0439s ]
SQL: SELECT activities.name FROM `activities` LEFT JOIN socials on activities.social_id=socials.id   [ RunTime:0.0297s ]
NOTIC: [8] Undefined variable: appid E:\Program Files (x86)\sugarcrm-6.5.16\apps\new\think\Application\Home\Controller\AuthController.class.php 第 22 行.
NOTIC: [2] Missing argument 2 for Org\Util\WeixinOAuth::formatBizQueryParaMap(), called in E:\Program Files (x86)\sugarcrm-6.5.16\apps\new\think\ThinkPHP\Library\Org\Util\WeixinOAuth.class.php on line 33 and defined E:\Program Files (x86)\sugarcrm-6.5.16\apps\new\think\ThinkPHP\Library\Org\Util\WeixinOAuth.class.php 第 40 行.
NOTIC: [8] Undefined variable: urlencode E:\Program Files (x86)\sugarcrm-6.5.16\apps\new\think\ThinkPHP\Library\Org\Util\WeixinOAuth.class.php 第 46 行.
NOTIC: [8] Undefined variable: urlencode E:\Program Files (x86)\sugarcrm-6.5.16\apps\new\think\ThinkPHP\Library\Org\Util\WeixinOAuth.class.php 第 46 行.
NOTIC: [8] Undefined variable: urlencode E:\Program Files (x86)\sugarcrm-6.5.16\apps\new\think\ThinkPHP\Library\Org\Util\WeixinOAuth.class.php 第 46 行.
NOTIC: [8] Undefined variable: urlencode E:\Program Files (x86)\sugarcrm-6.5.16\apps\new\think\ThinkPHP\Library\Org\Util\WeixinOAuth.class.php 第 46 行.
NOTIC: [8] Undefined variable: urlencode E:\Program Files (x86)\sugarcrm-6.5.16\apps\new\think\ThinkPHP\Library\Org\Util\WeixinOAuth.class.php 第 46 行.

[ 2016-03-17T11:12:28+08:00 ] 127.0.0.1 /think/index.php/Home/auth/authlogin
INFO: [ app_init ] --START--
INFO: Run Behavior\BuildLiteBehavior [ RunTime:0.000017s ]
INFO: [ app_init ] --END-- [ RunTime:0.000398s ]
INFO: [ app_begin ] --START--
INFO: Run Behavior\ReadHtmlCacheBehavior [ RunTime:0.000600s ]
INFO: [ app_begin ] --END-- [ RunTime:0.000671s ]
SQL: SHOW COLUMNS FROM `activities` [ RunTime:0.0223s ]
SQL: SELECT activities.name FROM `activities` LEFT JOIN socials on activities.social_id=socials.id   [ RunTime:0.0214s ]
INFO: [ app_end ] --START--
INFO: Run Behavior\ShowPageTraceBehavior [ RunTime:0.000939s ]
INFO: [ app_end ] --END-- [ RunTime:0.001075s ]

[ 2016-03-17T11:13:21+08:00 ] 127.0.0.1 /think/index.php/Home/auth/authlogin
INFO: [ app_init ] --START--
INFO: Run Behavior\BuildLiteBehavior [ RunTime:0.000016s ]
INFO: [ app_init ] --END-- [ RunTime:0.000408s ]
INFO: [ app_begin ] --START--
INFO: Run Behavior\ReadHtmlCacheBehavior [ RunTime:0.000629s ]
INFO: [ app_begin ] --END-- [ RunTime:0.000706s ]
SQL: SHOW COLUMNS FROM `activities` [ RunTime:0.0251s ]
INFO: [ app_end ] --START--
INFO: Run Behavior\ShowPageTraceBehavior [ RunTime:0.000896s ]
INFO: [ app_end ] --END-- [ RunTime:0.000991s ]

[ 2016-03-17T11:14:30+08:00 ] 127.0.0.1 /think/index.php/Home/auth/authlogin
INFO: [ app_init ] --START--
INFO: Run Behavior\BuildLiteBehavior [ RunTime:0.000018s ]
INFO: [ app_init ] --END-- [ RunTime:0.000466s ]
INFO: [ app_begin ] --START--
INFO: Run Behavior\ReadHtmlCacheBehavior [ RunTime:0.000728s ]
INFO: [ app_begin ] --END-- [ RunTime:0.000825s ]
SQL: SHOW COLUMNS FROM `activities` [ RunTime:0.0332s ]
INFO: [ app_end ] --START--
INFO: Run Behavior\ShowPageTraceBehavior [ RunTime:0.000719s ]
INFO: [ app_end ] --END-- [ RunTime:0.000792s ]

[ 2016-03-17T11:15:14+08:00 ] 127.0.0.1 /think/index.php/Home/auth/authlogin
INFO: [ app_init ] --START--
INFO: Run Behavior\BuildLiteBehavior [ RunTime:0.000020s ]
INFO: [ app_init ] --END-- [ RunTime:0.000417s ]
INFO: [ app_begin ] --START--
INFO: Run Behavior\ReadHtmlCacheBehavior [ RunTime:0.000598s ]
INFO: [ app_begin ] --END-- [ RunTime:0.000676s ]
SQL: SHOW COLUMNS FROM `activities` [ RunTime:0.0230s ]
INFO: [ app_end ] --START--
INFO: Run Behavior\ShowPageTraceBehavior [ RunTime:0.000696s ]
INFO: [ app_end ] --END-- [ RunTime:0.000777s ]

[ 2016-03-17T11:16:54+08:00 ] 127.0.0.1 /think/index.php/Home/auth/authlogin
INFO: [ app_init ] --START--
INFO: Run Behavior\BuildLiteBehavior [ RunTime:0.000018s ]
INFO: [ app_init ] --END-- [ RunTime:0.000435s ]
INFO: [ app_begin ] --START--
INFO: Run Behavior\ReadHtmlCacheBehavior [ RunTime:0.000601s ]
INFO: [ app_begin ] --END-- [ RunTime:0.000673s ]
SQL: SHOW COLUMNS FROM `activities` [ RunTime:0.0348s ]
INFO: [ app_end ] --START--
INFO: Run Behavior\ShowPageTraceBehavior [ RunTime:0.000719s ]
INFO: [ app_end ] --END-- [ RunTime:0.000792s ]

[ 2016-03-17T11:17:51+08:00 ] 127.0.0.1 /think/index.php/Home/auth/authlogin
INFO: [ app_init ] --START--
INFO: Run Behavior\BuildLiteBehavior [ RunTime:0.000017s ]
INFO: [ app_init ] --END-- [ RunTime:0.000385s ]
INFO: [ app_begin ] --START--
INFO: Run Behavior\ReadHtmlCacheBehavior [ RunTime:0.000666s ]
INFO: [ app_begin ] --END-- [ RunTime:0.000743s ]
SQL: SHOW COLUMNS FROM `activities` [ RunTime:0.0364s ]
INFO: [ app_end ] --START--
INFO: Run Behavior\ShowPageTraceBehavior [ RunTime:0.000871s ]
INFO: [ app_end ] --END-- [ RunTime:0.000992s ]

[ 2016-03-17T11:18:38+08:00 ] 127.0.0.1 /think/index.php/Home/auth/authlogin
INFO: [ app_init ] --START--
INFO: Run Behavior\BuildLiteBehavior [ RunTime:0.000019s ]
INFO: [ app_init ] --END-- [ RunTime:0.000411s ]
INFO: [ app_begin ] --START--
INFO: Run Behavior\ReadHtmlCacheBehavior [ RunTime:0.000542s ]
INFO: [ app_begin ] --END-- [ RunTime:0.000626s ]
SQL: SHOW COLUMNS FROM `activities` [ RunTime:0.0484s ]
INFO: [ app_end ] --START--
INFO: Run Behavior\ShowPageTraceBehavior [ RunTime:0.000628s ]
INFO: [ app_end ] --END-- [ RunTime:0.000702s ]

[ 2016-03-17T15:38:22+08:00 ] 127.0.0.1 /think/index.php/home/dzp/index/
INFO: [ app_init ] --START--
INFO: Run Behavior\BuildLiteBehavior [ RunTime:0.000018s ]
INFO: [ app_init ] --END-- [ RunTime:0.000420s ]
INFO: [ app_begin ] --START--
INFO: Run Behavior\ReadHtmlCacheBehavior [ RunTime:0.000709s ]
INFO: [ app_begin ] --END-- [ RunTime:0.000803s ]
ERR: 无法加载控制器:Dzp

